<?xml version="1.0" encoding="UTF-8"?>
<testsuite name="net.sourceforge.ganttproject.test.task.TestCriticalPath" tests="10" skipped="0" failures="0" errors="0" timestamp="2022-11-25T11:33:10" hostname="DESKTOP-BJM2EPG" time="0.351">
  <properties/>
  <testcase name="testFinishFinishConstraint" classname="net.sourceforge.ganttproject.test.task.TestCriticalPath" time="0.251"/>
  <testcase name="testLag" classname="net.sourceforge.ganttproject.test.task.TestCriticalPath" time="0.014"/>
  <testcase name="testStartStartConstraint" classname="net.sourceforge.ganttproject.test.task.TestCriticalPath" time="0.014"/>
  <testcase name="testTaskBeforeNonCriticalIsNonCritical" classname="net.sourceforge.ganttproject.test.task.TestCriticalPath" time="0.018"/>
  <testcase name="testLongerPathIsCritical" classname="net.sourceforge.ganttproject.test.task.TestCriticalPath" time="0.014"/>
  <testcase name="testSinglePathIsCritical" classname="net.sourceforge.ganttproject.test.task.TestCriticalPath" time="0.006"/>
  <testcase name="testEqualPathsAreBothCritical" classname="net.sourceforge.ganttproject.test.task.TestCriticalPath" time="0.008"/>
  <testcase name="testUnlinkedTaskICriticalIfEndsAtTheProjectEnd" classname="net.sourceforge.ganttproject.test.task.TestCriticalPath" time="0.006"/>
  <testcase name="testCriticalPathInsideCriticalSupertask" classname="net.sourceforge.ganttproject.test.task.TestCriticalPath" time="0.013"/>
  <testcase name="testStartFinishConstraint" classname="net.sourceforge.ganttproject.test.task.TestCriticalPath" time="0.006"/>
  <system-out><![CDATA[]]></system-out>
  <system-err><![CDATA[]]></system-err>
</testsuite>
